<?xml version="1.0" encoding="UTF-8"?>
<testng-results ignored="0" total="1" passed="1" failed="0" skipped="0">
  <reporter-output>
  </reporter-output>
  <suite started-at="2024-02-18T17:47:11 IST" name="Default suite" finished-at="2024-02-18T17:47:24 IST" duration-ms="13532">
    <groups>
    </groups>
    <test started-at="2024-02-18T17:47:11 IST" name="Default test" finished-at="2024-02-18T17:47:24 IST" duration-ms="13532">
      <class name="selFrmGen.Tests.StandardUserTests">
        <test-method is-config="true" signature="launchApp()[pri:0, instance:selFrmGen.Tests.StandardUserTests@8f4ea7c]" started-at="2024-02-18T17:47:11 IST" name="launchApp" finished-at="2024-02-18T17:47:16 IST" duration-ms="5646" status="PASS">
          <reporter-output>
          </reporter-output>
        </test-method> <!-- launchApp -->
        <test-method signature="standardUserLoginAndLogin()[pri:0, instance:selFrmGen.Tests.StandardUserTests@8f4ea7c]" started-at="2024-02-18T17:47:16 IST" name="standardUserLoginAndLogin" finished-at="2024-02-18T17:47:24 IST" duration-ms="7599" status="PASS">
          <reporter-output>
          </reporter-output>
        </test-method> <!-- standardUserLoginAndLogin -->
        <test-method is-config="true" signature="closeBrowser()[pri:0, instance:selFrmGen.Tests.StandardUserTests@8f4ea7c]" started-at="2024-02-18T17:47:24 IST" name="closeBrowser" finished-at="2024-02-18T17:47:24 IST" duration-ms="196" status="PASS">
          <reporter-output>
          </reporter-output>
        </test-method> <!-- closeBrowser -->
      </class> <!-- selFrmGen.Tests.StandardUserTests -->
    </test> <!-- Default test -->
  </suite> <!-- Default suite -->
</testng-results>
